<?xml version="1.0" encoding="UTF-8"?>
<!-- Generated by org.testng.reporters.JUnitReportReporter -->
<testsuite hostname="USBLRRAGHVR1" failures="0" tests="1" name="demotest.AddtocartTest" time="35.910" errors="0" timestamp="2021-08-17T16:46:14 IST" skipped="0">
  <testcase classname="demotest.AddtocartTest" name="addToCart" time="35.910"/>
  <system-out/>
</testsuite> <!-- demotest.AddtocartTest -->
