<?xml version="1.0" encoding="UTF-8"?>
<!-- Generated by org.testng.reporters.JUnitReportReporter -->
<testsuite hostname="USBLRRAGHVR1" failures="0" tests="2" name="TestNGAnnotations.Loan" time="0.010" errors="0" timestamp="2021-08-24T14:53:38 IST" skipped="0">
  <testcase classname="TestNGAnnotations.Loan" name="bikeLoan" time="0.009"/>
  <system-out/>
  <testcase classname="TestNGAnnotations.Loan" name="carLoan" time="0.001"/>
  <system-out/>
</testsuite> <!-- TestNGAnnotations.Loan -->
