<?xml version="1.0" encoding="UTF-8"?>
<!-- Generated by org.testng.reporters.JUnitReportReporter -->
<testsuite hostname="USBLRRAGHVR1" failures="0" tests="1" name="demotest.SpiceJetTest" time="10.260" errors="0" timestamp="2023-02-11T19:36:25 IST" skipped="0">
  <testcase classname="demotest.SpiceJetTest" name="spiceJetData" time="10.260"/>
  <system-out/>
</testsuite> <!-- demotest.SpiceJetTest -->
