<?xml version="1.0" encoding="UTF-8"?>
<!-- Generated by org.testng.reporters.JUnitReportReporter -->
<testsuite hostname="USBLRRAGHVR1" failures="0" tests="1" name="demotest.TableExercise" time="12.219" errors="0" timestamp="2023-02-09T18:28:50 IST" skipped="0">
  <testcase classname="demotest.TableExercise" name="getTableData" time="12.219"/>
  <system-out/>
</testsuite> <!-- demotest.TableExercise -->
