<?xml version="1.0" encoding="UTF-8"?>
<!-- Generated by org.testng.reporters.JUnitReportReporter -->
<testsuite hostname="USBLRRAGHVR1" failures="0" tests="1" name="demotest.TestDemo" time="9.936" errors="0" timestamp="2023-02-09T18:35:48 IST" skipped="0">
  <testcase classname="demotest.TestDemo" name="test3" time="9.936"/>
  <system-out/>
</testsuite> <!-- demotest.TestDemo -->
