<?xml version="1.0" encoding="UTF-8"?>
<!-- Generated by org.testng.reporters.JUnitReportReporter -->
<testsuite hostname="USBLRRAGHVR1" failures="0" tests="1" name="RestAssured.RestAssuredExample" time="2.617" errors="0" timestamp="2021-08-23T13:20:21 IST" skipped="0">
  <testcase classname="RestAssured.RestAssuredExample" name="getFuc" time="2.617"/>
  <system-out/>
</testsuite> <!-- RestAssured.RestAssuredExample -->
