<?xml version="1.0" encoding="UTF-8"?>
<!-- Generated by org.testng.reporters.JUnitReportReporter -->
<testsuite hostname="USBLRRAGHVR1" failures="0" tests="1" name="demotest.TestActionFunctions" time="7.025" errors="0" timestamp="2023-02-11T21:40:33 IST" skipped="0">
  <testcase classname="demotest.TestActionFunctions" name="testActions" time="7.025"/>
  <system-out/>
</testsuite> <!-- demotest.TestActionFunctions -->
