<?xml version="1.0" encoding="UTF-8"?>
<!-- Generated by org.testng.reporters.JUnitReportReporter -->
<testsuite hostname="USBLRRAGHVR1" failures="0" tests="3" name="RestAssuredExercise.RestAssuredTestCases" time="3.071" errors="0" timestamp="2021-08-23T15:40:35 IST" skipped="0">
  <testcase classname="RestAssuredExercise.RestAssuredTestCases" name="postTest" time="2.915"/>
  <system-out/>
  <testcase classname="RestAssuredExercise.RestAssuredTestCases" name="putTest" time="0.134"/>
  <system-out/>
  <testcase classname="RestAssuredExercise.RestAssuredTestCases" name="deleteFun" time="0.022"/>
  <system-out/>
</testsuite> <!-- RestAssuredExercise.RestAssuredTestCases -->
