<?xml version="1.0" encoding="UTF-8"?>
<!-- Generated by org.testng.reporters.JUnitReportReporter -->
<testsuite hostname="USBLRRAGHVR1" failures="0" tests="1" name="demotest.TestWindowHandle" time="8.925" errors="0" timestamp="2023-02-09T18:38:38 IST" skipped="0">
  <testcase classname="demotest.TestWindowHandle" name="testSwitchTab" time="8.925"/>
  <system-out/>
</testsuite> <!-- demotest.TestWindowHandle -->
