<?xml version="1.0" encoding="UTF-8"?>
<!-- Generated by org.testng.reporters.JUnitReportReporter -->
<testsuite hostname="USBLRRAGHVR1" failures="0" tests="1" name="demotest.DemoTest_Iframe" time="8.032" errors="0" timestamp="2023-02-10T19:12:54 IST" skipped="0">
  <testcase classname="demotest.DemoTest_Iframe" name="iframeTest" time="8.032"/>
  <system-out/>
</testsuite> <!-- demotest.DemoTest_Iframe -->
