<?xml version="1.0" encoding="UTF-8"?>
<!-- Generated by org.testng.reporters.JUnitReportReporter -->
<testsuite hostname="USBLRRAGHVR1" failures="0" tests="1" name="GridSetup" time="6.433" errors="0" timestamp="2021-08-17T16:41:31 IST" skipped="0">
  <testcase classname="GridSetup" name="testGridNodes" time="6.433"/>
  <system-out/>
</testsuite> <!-- GridSetup -->
